{"level":"info","message":"⌛ Building environment","timeElapsed":101,"timestamp":"2024-10-20T19:39:24.962Z"}
{"level":"info","message":"⌛ Building environment","timeElapsed":106,"timestamp":"2024-10-20T19:39:25.730Z"}
{"level":"info","message":"⌛ Validating nivel.wlk","timeElapsed":131,"timestamp":"2024-10-20T19:39:26.283Z"}
{"level":"info","message":"⌛ Building environment","timeElapsed":105,"timestamp":"2024-10-20T19:39:26.389Z"}
{"level":"info","message":"⌛ Validating nivel.wlk","timeElapsed":106,"timestamp":"2024-10-20T19:39:30.933Z"}
{"level":"error","message":"✘ Failed to rebuild document Failed to parse nivel.wlk: \n-- PARSING FAILED --------------------------------------------------\n\nGot the end of the input\n\nExpected one of the following: \n\n'@', 'const', 'method', 'override', 'var', '{', '}', any character/byte, comment, whitespace\n","stack":"Error: Failed to parse nivel.wlk: \n-- PARSING FAILED --------------------------------------------------\n\nGot the end of the input\n\nExpected one of the following: \n\n'@', 'const', 'method', 'override', 'var', '{', '}', any character/byte, comment, whitespace\n\n    at c:\\Users\\Juanchi\\.vscode\\extensions\\uqbar.wollok-lsp-ide-0.3.6\\out\\server\\src\\server.js:2254:32415\n    at Array.map (<anonymous>)\n    at Jfn (c:\\Users\\Juanchi\\.vscode\\extensions\\uqbar.wollok-lsp-ide-0.3.6\\out\\server\\src\\server.js:2254:32339)\n    at k2.buildEnvironmentFrom (c:\\Users\\Juanchi\\.vscode\\extensions\\uqbar.wollok-lsp-ide-0.3.6\\out\\server\\src\\server.js:2285:6721)\n    at k2.updateEnvironmentWith (c:\\Users\\Juanchi\\.vscode\\extensions\\uqbar.wollok-lsp-ide-0.3.6\\out\\server\\src\\server.js:2285:6456)\n    at jL (c:\\Users\\Juanchi\\.vscode\\extensions\\uqbar.wollok-lsp-ide-0.3.6\\out\\server\\src\\server.js:2298:2292)\n    at v3.invoke (c:\\Users\\Juanchi\\.vscode\\extensions\\uqbar.wollok-lsp-ide-0.3.6\\out\\server\\src\\server.js:3:157200)\n    at o.fire (c:\\Users\\Juanchi\\.vscode\\extensions\\uqbar.wollok-lsp-ide-0.3.6\\out\\server\\src\\server.js:3:157970)\n    at c:\\Users\\Juanchi\\.vscode\\extensions\\uqbar.wollok-lsp-ide-0.3.6\\out\\server\\src\\server.js:37:57871\n    at Vr (c:\\Users\\Juanchi\\.vscode\\extensions\\uqbar.wollok-lsp-ide-0.3.6\\out\\server\\src\\server.js:8:1561)","timestamp":"2024-10-20T19:39:35.242Z"}
{"level":"error","message":"✘ Failed to rebuild document Failed to parse nivel.wlk: \n-- PARSING FAILED --------------------------------------------------\n\nGot the end of the input\n\nExpected one of the following: \n\n'@', 'const', 'method', 'override', 'var', '{', '}', any character/byte, comment, whitespace\n","stack":"Error: Failed to parse nivel.wlk: \n-- PARSING FAILED --------------------------------------------------\n\nGot the end of the input\n\nExpected one of the following: \n\n'@', 'const', 'method', 'override', 'var', '{', '}', any character/byte, comment, whitespace\n\n    at c:\\Users\\Juanchi\\.vscode\\extensions\\uqbar.wollok-lsp-ide-0.3.6\\out\\server\\src\\server.js:2254:32415\n    at Array.map (<anonymous>)\n    at Jfn (c:\\Users\\Juanchi\\.vscode\\extensions\\uqbar.wollok-lsp-ide-0.3.6\\out\\server\\src\\server.js:2254:32339)\n    at k2.buildEnvironmentFrom (c:\\Users\\Juanchi\\.vscode\\extensions\\uqbar.wollok-lsp-ide-0.3.6\\out\\server\\src\\server.js:2285:6721)\n    at k2.updateEnvironmentWith (c:\\Users\\Juanchi\\.vscode\\extensions\\uqbar.wollok-lsp-ide-0.3.6\\out\\server\\src\\server.js:2285:6456)\n    at jL (c:\\Users\\Juanchi\\.vscode\\extensions\\uqbar.wollok-lsp-ide-0.3.6\\out\\server\\src\\server.js:2298:2292)\n    at v3.invoke (c:\\Users\\Juanchi\\.vscode\\extensions\\uqbar.wollok-lsp-ide-0.3.6\\out\\server\\src\\server.js:3:157200)\n    at o.fire (c:\\Users\\Juanchi\\.vscode\\extensions\\uqbar.wollok-lsp-ide-0.3.6\\out\\server\\src\\server.js:3:157970)\n    at c:\\Users\\Juanchi\\.vscode\\extensions\\uqbar.wollok-lsp-ide-0.3.6\\out\\server\\src\\server.js:37:57871\n    at Vr (c:\\Users\\Juanchi\\.vscode\\extensions\\uqbar.wollok-lsp-ide-0.3.6\\out\\server\\src\\server.js:8:1561)","timestamp":"2024-10-20T19:39:35.437Z"}
{"level":"info","message":"⌛ Validating nivel.wlk","timeElapsed":102,"timestamp":"2024-10-20T19:39:48.474Z"}
{"level":"info","message":"⌛ Validating nivel.wlk","timeElapsed":111,"timestamp":"2024-10-20T19:39:50.005Z"}
{"level":"info","message":"⌛ Validating visuales.wlk","timeElapsed":108,"timestamp":"2024-10-20T19:40:10.294Z"}
{"level":"info","message":"⌛ Validating visuales.wlk","timeElapsed":103,"timestamp":"2024-10-20T19:40:10.562Z"}
{"level":"info","message":"⌛ Validating visuales.wlk","timeElapsed":112,"timestamp":"2024-10-20T19:40:14.369Z"}
{"level":"info","message":"⌛ Validating visuales.wlk","timeElapsed":127,"timestamp":"2024-10-20T19:40:14.642Z"}
{"level":"info","message":"⌛ Validating visuales.wlk","timeElapsed":122,"timestamp":"2024-10-20T19:40:14.765Z"}
{"level":"info","message":"⌛ Validating visuales.wlk","timeElapsed":101,"timestamp":"2024-10-20T19:40:45.854Z"}
{"level":"info","message":"⌛ Validating visuales.wlk","timeElapsed":110,"timestamp":"2024-10-20T19:41:29.101Z"}
{"level":"info","message":"⌛ Validating bicho.wlk","timeElapsed":105,"timestamp":"2024-10-20T19:42:08.256Z"}
{"level":"info","message":"⌛ Validating escenario1.wlk","timeElapsed":112,"timestamp":"2024-10-20T19:42:08.749Z"}
{"level":"info","message":"⌛ Validating isaac.wlk","timeElapsed":108,"timestamp":"2024-10-20T19:42:23.136Z"}
{"level":"info","message":"⌛ Building environment","timeElapsed":665,"timestamp":"2024-10-20T19:42:30.260Z"}
{"level":"info","message":"⌛ Building environment","timeElapsed":877,"timestamp":"2024-10-20T19:42:31.141Z"}
{"level":"info","message":"⌛ Building environment","timeElapsed":1399,"timestamp":"2024-10-20T19:42:59.559Z"}
{"level":"info","message":"⌛ Validating pruebas.wtest","timeElapsed":286,"timestamp":"2024-10-20T19:42:59.944Z"}
{"level":"info","message":"⌛ Validating nivel.wlk","timeElapsed":106,"timestamp":"2024-10-20T19:43:03.400Z"}
{"level":"info","message":"⌛ Validating nivel.wlk","timeElapsed":111,"timestamp":"2024-10-20T19:43:03.802Z"}
{"level":"info","message":"⌛ Validating isaac.wlk","timeElapsed":102,"timestamp":"2024-10-20T19:43:52.989Z"}
{"level":"info","message":"onRequest - STRONG_FILES_CHANGED:c:\\Users\\Juanchi\\2024-o-tpjuego-lambda\\assets\\puerta.png","timestamp":"2024-10-20T19:44:03.628Z"}
{"level":"info","message":"⌛ Building environment","timeElapsed":122,"timestamp":"2024-10-20T19:44:03.751Z"}
{"level":"info","message":"Removing diagnostics from \\Users\\Juanchi\\2024-o-tpjuego-lambda\\assets\\puerta.png","timestamp":"2024-10-20T19:44:03.947Z"}
{"level":"info","message":"onRequest - WORKSPACE_URI:file:///c%3A/Users/Juanchi/2024-o-tpjuego-lambda","timestamp":"2024-10-20T19:44:03.968Z"}
{"level":"info","message":"⌛ Validating isaac.wlk","timeElapsed":103,"timestamp":"2024-10-20T19:44:48.492Z"}
{"level":"info","message":"⌛ Validating isaac.wlk","timeElapsed":104,"timestamp":"2024-10-20T19:44:48.898Z"}
{"level":"info","message":"⌛ Validating isaac.wlk","timeElapsed":103,"timestamp":"2024-10-20T19:44:54.255Z"}
{"level":"info","message":"⌛ Validating isaac.wlk","timeElapsed":102,"timestamp":"2024-10-20T19:44:54.475Z"}
{"level":"info","message":"onRequest - STRONG_FILES_CHANGED:c:\\Users\\Juanchi\\2024-o-tpjuego-lambda\\assets\\puerta.png","timestamp":"2024-10-20T19:45:06.449Z"}
{"level":"info","message":"⌛ Building environment","timeElapsed":104,"timestamp":"2024-10-20T19:45:06.553Z"}
{"level":"info","message":"Removing diagnostics from \\Users\\Juanchi\\2024-o-tpjuego-lambda\\assets\\puerta.png","timestamp":"2024-10-20T19:45:06.748Z"}
{"level":"info","message":"onRequest - WORKSPACE_URI:file:///c%3A/Users/Juanchi/2024-o-tpjuego-lambda","timestamp":"2024-10-20T19:45:06.771Z"}
